c:\users\candy\documents\cadgrader\cad_grader\cad_grader\x64\debug\vc142.pdb
c:\users\candy\documents\cadgrader\cad_grader\cad_grader\x64\debug\vc142.idb
c:\users\candy\documents\cadgrader\cad_grader\cad_grader\x64\debug\zhangsuen.obj
c:\users\candy\documents\cadgrader\cad_grader\cad_grader\x64\debug\w2.obj
c:\users\candy\documents\cadgrader\cad_grader\cad_grader\x64\debug\w1.obj
c:\users\candy\documents\cadgrader\cad_grader\cad_grader\x64\debug\main.obj
c:\users\candy\documents\cadgrader\cad_grader\cad_grader\x64\debug\thin.obj
c:\users\candy\documents\cadgrader\cad_grader\cad_grader\x64\debug\hatching.obj
c:\users\candy\documents\cadgrader\cad_grader\x64\debug\cad_grader.exe
c:\users\candy\documents\cadgrader\cad_grader\x64\debug\cad_grader.ilk
c:\users\candy\documents\cadgrader\cad_grader\x64\debug\cad_grader.pdb
c:\users\candy\documents\cadgrader\cad_grader\cad_grader\x64\debug\main.nativecodeanalysis.xml
c:\users\candy\documents\cadgrader\cad_grader\cad_grader\x64\debug\vc.nativecodeanalysis.all.xml
c:\users\candy\documents\cadgrader\cad_grader\cad_grader\x64\debug\w1.nativecodeanalysis.xml
c:\users\candy\documents\cadgrader\cad_grader\cad_grader\x64\debug\w2.nativecodeanalysis.xml
c:\users\candy\documents\cadgrader\cad_grader\cad_grader\x64\debug\zhangsuen.nativecodeanalysis.xml
c:\users\candy\documents\cadgrader\cad_grader\cad_grader\x64\debug\cad_grader.tlog\cl.command.1.tlog
c:\users\candy\documents\cadgrader\cad_grader\cad_grader\x64\debug\cad_grader.tlog\cl.read.1.tlog
c:\users\candy\documents\cadgrader\cad_grader\cad_grader\x64\debug\cad_grader.tlog\cl.write.1.tlog
c:\users\candy\documents\cadgrader\cad_grader\cad_grader\x64\debug\cad_grader.tlog\link.command.1.tlog
c:\users\candy\documents\cadgrader\cad_grader\cad_grader\x64\debug\cad_grader.tlog\link.read.1.tlog
c:\users\candy\documents\cadgrader\cad_grader\cad_grader\x64\debug\cad_grader.tlog\link.write.1.tlog
