AutoCAD Warning: PdfEplot custom properties
Unable to save configuration item '%ls'.  This is probably because of a .PC3 and .HDI file mismatch, or the .PC3 file is somehow read-only. View_New_File $Revision: #1 $

AutoCAD Warning: PdfEplot custom properties
Unable to save configuration item '%ls'.  This is probably because of a .PC3 and .HDI file mismatch, or the .PC3 file is somehow read-only. Rasterize_Geometry $Revision: #1 $

AutoCAD Warning: PdfEplot custom properties
Unable to save configuration item '%ls'.  This is probably because of a .PC3 and .HDI file mismatch, or the .PC3 file is somehow read-only. Sheet_Links $Revision: #1 $

AutoCAD Warning: PdfEplot custom properties
Unable to save configuration item '%ls'.  This is probably because of a .PC3 and .HDI file mismatch, or the .PC3 file is somehow read-only. Create_Bookmarks $Revision: #1 $

AutoCAD Warning: PdfEplot custom properties
Unable to save configuration item '%ls'.  This is probably because of a .PC3 and .HDI file mismatch, or the .PC3 file is somehow read-only. View_New_File $Revision: #1 $

AutoCAD Warning: PdfEplot custom properties
Unable to save configuration item '%ls'.  This is probably because of a .PC3 and .HDI file mismatch, or the .PC3 file is somehow read-only. Rasterize_Geometry $Revision: #1 $

AutoCAD Warning: PdfEplot custom properties
Unable to save configuration item '%ls'.  This is probably because of a .PC3 and .HDI file mismatch, or the .PC3 file is somehow read-only. Sheet_Links $Revision: #1 $

AutoCAD Warning: PdfEplot custom properties
Unable to save configuration item '%ls'.  This is probably because of a .PC3 and .HDI file mismatch, or the .PC3 file is somehow read-only. Create_Bookmarks $Revision: #1 $

AutoCAD Warning: PdfEplot custom properties
Unable to save configuration item '%ls'.  This is probably because of a .PC3 and .HDI file mismatch, or the .PC3 file is somehow read-only. View_New_File $Revision: #1 $

AutoCAD Warning: PdfEplot custom properties
Unable to save configuration item '%ls'.  This is probably because of a .PC3 and .HDI file mismatch, or the .PC3 file is somehow read-only. Rasterize_Geometry $Revision: #1 $

AutoCAD Warning: PdfEplot custom properties
Unable to save configuration item '%ls'.  This is probably because of a .PC3 and .HDI file mismatch, or the .PC3 file is somehow read-only. Sheet_Links $Revision: #1 $

AutoCAD Warning: PdfEplot custom properties
Unable to save configuration item '%ls'.  This is probably because of a .PC3 and .HDI file mismatch, or the .PC3 file is somehow read-only. Create_Bookmarks $Revision: #1 $

AutoCAD Warning: PdfEplot custom properties
Unable to save configuration item '%ls'.  This is probably because of a .PC3 and .HDI file mismatch, or the .PC3 file is somehow read-only. View_New_File $Revision: #1 $

AutoCAD Warning: PdfEplot custom properties
Unable to save configuration item '%ls'.  This is probably because of a .PC3 and .HDI file mismatch, or the .PC3 file is somehow read-only. Rasterize_Geometry $Revision: #1 $

AutoCAD Warning: PdfEplot custom properties
Unable to save configuration item '%ls'.  This is probably because of a .PC3 and .HDI file mismatch, or the .PC3 file is somehow read-only. Sheet_Links $Revision: #1 $

AutoCAD Warning: PdfEplot custom properties
Unable to save configuration item '%ls'.  This is probably because of a .PC3 and .HDI file mismatch, or the .PC3 file is somehow read-only. Create_Bookmarks $Revision: #1 $

AutoCAD Warning: PdfEplot custom properties
Unable to save configuration item '%ls'.  This is probably because of a .PC3 and .HDI file mismatch, or the .PC3 file is somehow read-only. View_New_File $Revision: #1 $

AutoCAD Warning: PdfEplot custom properties
Unable to save configuration item '%ls'.  This is probably because of a .PC3 and .HDI file mismatch, or the .PC3 file is somehow read-only. Rasterize_Geometry $Revision: #1 $

AutoCAD Warning: PdfEplot custom properties
Unable to save configuration item '%ls'.  This is probably because of a .PC3 and .HDI file mismatch, or the .PC3 file is somehow read-only. Sheet_Links $